0 info it worked if it ends with ok
1 verbose cli [ '/home/vagrant/.nvm/versions/node/v6.3.1/bin/node',
1 verbose cli   '/home/vagrant/.nvm/versions/node/v6.3.1/bin/npm',
1 verbose cli   'run',
1 verbose cli   'local' ]
2 info using npm@4.1.1
3 info using node@v6.3.1
4 verbose stack Error: ENOENT: no such file or directory, open '/vagrant/w3d1/package.json'
4 verbose stack     at Error (native)
5 verbose cwd /vagrant/w3d1
6 error Linux 4.4.0-21-generic
7 error argv "/home/vagrant/.nvm/versions/node/v6.3.1/bin/node" "/home/vagrant/.nvm/versions/node/v6.3.1/bin/npm" "run" "local"
8 error node v6.3.1
9 error npm  v4.1.1
10 error path /vagrant/w3d1/package.json
11 error code ENOENT
12 error errno -2
13 error syscall open
14 error enoent ENOENT: no such file or directory, open '/vagrant/w3d1/package.json'
15 error enoent ENOENT: no such file or directory, open '/vagrant/w3d1/package.json'
15 error enoent This is most likely not a problem with npm itself
15 error enoent and is related to npm not being able to find a file.
16 verbose exit [ -2, true ]
